<?xml version="1.0" encoding="UTF-8"?>
<!-- Generated by org.testng.reporters.JUnitXMLReporter -->
<testsuite ignored="0" hostname="LAPTOP-L3UMMEI1" failures="0" tests="6" name="Testparameter" time="0.042" errors="0" timestamp="2022-07-01T11:26:16 IST">
  <testcase classname="baseclass.BaseClass" name="@BeforeSuite beforeSuite" time="-1.656654976279E9">
    <failure type="org.testng.TestNGException" message="
Parameter &amp;apos;browser&amp;apos; is required by BeforeSuite on method beforeSuite but has not been marked @Optional or defined
in C:\Users\GANESH\eclipse-workspace\DataDrivenFramework\testngParameters.xml">
      <![CDATA[org.testng.TestNGException: 
Parameter 'browser' is required by BeforeSuite on method beforeSuite but has not been marked @Optional or defined
in C:\Users\GANESH\eclipse-workspace\DataDrivenFramework\testngParameters.xml
... Removed 16 stack frames]]>
    </failure>
  </testcase> <!-- @BeforeSuite beforeSuite -->
  <testcase classname="testcaseclass.TestCaseClass" name="browsersetup" time="0.0">
    <skipped/>
  </testcase> <!-- browsersetup -->
  <testcase classname="testcaseclass.TestCaseClass" name="title" time="0.0">
    <skipped/>
  </testcase> <!-- title -->
  <testcase classname="testcaseclass.TestCaseClass" name="clickloginbtn1" time="0.0">
    <skipped/>
  </testcase> <!-- clickloginbtn1 -->
  <testcase classname="testcaseclass.TestCaseClass" name="usernamepassword" time="0.0">
    <skipped/>
  </testcase> <!-- usernamepassword -->
  <testcase classname="testcaseclass.TestCaseClass" name="clickloginbtn2" time="0.0">
    <skipped/>
  </testcase> <!-- clickloginbtn2 -->
  <testcase classname="testcaseclass.TestCaseClass" name="logoutbttn" time="0.0">
    <skipped/>
  </testcase> <!-- logoutbttn -->
</testsuite> <!-- Testparameter -->
